<?xml version="1.0" encoding="UTF-8"?>
<!-- Generated by org.testng.reporters.JUnitReportReporter -->
<testsuite skipped="0" hostname="Jacobs-MacBook-Pro.local" name="cukes.TestRunner" tests="1" failures="0" timestamp="19 Aug 2018 23:14:50 GMT" time="0.012" errors="0">
  <testcase name="feature" time="0.012" classname="cukes.TestRunner"/>
</testsuite> <!-- cukes.TestRunner -->
