<?xml version="1.0" encoding="UTF-8"?>
<!-- Generated by org.testng.reporters.JUnitReportReporter -->
<testsuite skipped="0" hostname="DESKTOP-ICF32N5" name="cukes.TestRunner" tests="7" failures="0" timestamp="20 Aug 2018 02:23:15 GMT" time="42.511" errors="0">
  <testcase name="feature" time="2.736" classname="cukes.TestRunner"/>
  <testcase name="feature" time="22.025" classname="cukes.TestRunner"/>
  <testcase name="feature" time="0.872" classname="cukes.TestRunner"/>
  <testcase name="feature" time="8.229" classname="cukes.TestRunner"/>
  <testcase name="feature" time="2.095" classname="cukes.TestRunner"/>
  <testcase name="feature" time="3.392" classname="cukes.TestRunner"/>
  <testcase name="feature" time="3.162" classname="cukes.TestRunner"/>
</testsuite> <!-- cukes.TestRunner -->
