<?xml version="1.0" encoding="UTF-8"?>
<!-- Generated by org.testng.reporters.JUnitReportReporter -->
<testsuite skipped="0" hostname="DESKTOP-ICF32N5" name="cukes.TestRunner" tests="1" failures="0" timestamp="19 Aug 2018 03:50:07 GMT" time="22.168" errors="0">
  <testcase name="feature" time="22.168" classname="cukes.TestRunner"/>
</testsuite> <!-- cukes.TestRunner -->
