<?xml version="1.0" encoding="UTF-8"?>
<!-- Generated by org.testng.reporters.JUnitReportReporter -->
<testsuite skipped="0" hostname="DESKTOP-ICF32N5" name="cukes.TestRunner" tests="3" failures="0" timestamp="19 Aug 2018 19:21:39 GMT" time="30.539" errors="0">
  <testcase name="feature" time="19.001" classname="cukes.TestRunner"/>
  <testcase name="feature" time="8.077" classname="cukes.TestRunner"/>
  <testcase name="feature" time="3.461" classname="cukes.TestRunner"/>
</testsuite> <!-- cukes.TestRunner -->
