<?xml version="1.0" encoding="UTF-8"?>
<!-- Generated by org.testng.reporters.JUnitReportReporter -->
<testsuite skipped="0" hostname="Jacobs-MacBook-Pro.local" name="com.revature.cucumberop.TestRunner" tests="9" failures="0" timestamp="24 Aug 2018 01:28:38 GMT" time="74.501" errors="0">
  <testcase name="feature" time="10.321" classname="com.revature.cucumberop.TestRunner"/>
  <testcase name="feature" time="6.037" classname="com.revature.cucumberop.TestRunner"/>
  <testcase name="feature" time="6.287" classname="com.revature.cucumberop.TestRunner"/>
  <testcase name="feature" time="20.932" classname="com.revature.cucumberop.TestRunner"/>
  <testcase name="feature" time="8.458" classname="com.revature.cucumberop.TestRunner"/>
  <testcase name="feature" time="5.962" classname="com.revature.cucumberop.TestRunner"/>
  <testcase name="feature" time="6.351" classname="com.revature.cucumberop.TestRunner"/>
  <testcase name="feature" time="4.417" classname="com.revature.cucumberop.TestRunner"/>
  <testcase name="feature" time="5.736" classname="com.revature.cucumberop.TestRunner"/>
</testsuite> <!-- com.revature.cucumberop.TestRunner -->
