<?xml version="1.0" encoding="UTF-8"?>
<!-- Generated by org.testng.reporters.JUnitReportReporter -->
<testsuite skipped="0" hostname="Jacobs-MacBook-Pro.local" name="com.revature.cucumberop.TestRunner" tests="1" failures="0" timestamp="23 Aug 2018 13:40:18 GMT" time="7.042" errors="0">
  <testcase name="feature" time="7.042" classname="com.revature.cucumberop.TestRunner"/>
</testsuite> <!-- com.revature.cucumberop.TestRunner -->
