<?xml version="1.0" encoding="UTF-8"?>
<!-- Generated by org.testng.reporters.JUnitReportReporter -->
<testsuite skipped="0" hostname="Jacobs-MacBook-Pro.local" name="com.revature.cucumberop.TestRunner" tests="9" failures="0" timestamp="23 Aug 2018 18:17:54 GMT" time="45.118" errors="0">
  <testcase name="feature" time="4.727" classname="com.revature.cucumberop.TestRunner"/>
  <testcase name="feature" time="5.014" classname="com.revature.cucumberop.TestRunner"/>
  <testcase name="feature" time="4.927" classname="com.revature.cucumberop.TestRunner"/>
  <testcase name="feature" time="5.064" classname="com.revature.cucumberop.TestRunner"/>
  <testcase name="feature" time="4.967" classname="com.revature.cucumberop.TestRunner"/>
  <testcase name="feature" time="4.880" classname="com.revature.cucumberop.TestRunner"/>
  <testcase name="feature" time="5.721" classname="com.revature.cucumberop.TestRunner"/>
  <testcase name="feature" time="5.048" classname="com.revature.cucumberop.TestRunner"/>
  <testcase name="feature" time="4.770" classname="com.revature.cucumberop.TestRunner"/>
</testsuite> <!-- com.revature.cucumberop.TestRunner -->
