<?xml version="1.0" encoding="UTF-8"?>
<!-- Generated by org.testng.reporters.JUnitReportReporter -->
<testsuite skipped="0" hostname="DESKTOP-DDSCK2F" name="com.revature.cucumberop.TestRunner" tests="3" failures="0" timestamp="23 Aug 2018 01:48:35 GMT" time="24.228" errors="0">
  <testcase name="feature" time="8.250" classname="com.revature.cucumberop.TestRunner"/>
  <testcase name="feature" time="7.739" classname="com.revature.cucumberop.TestRunner"/>
  <testcase name="feature" time="8.239" classname="com.revature.cucumberop.TestRunner"/>
</testsuite> <!-- com.revature.cucumberop.TestRunner -->
