<?xml version="1.0" encoding="UTF-8"?>
<!-- Generated by org.testng.reporters.JUnitReportReporter -->
<testsuite skipped="0" hostname="DESKTOP-DDSCK2F" name="com.revature.cucumberop.TestRunner" tests="9" failures="0" timestamp="24 Aug 2018 03:26:47 GMT" time="123.715" errors="0">
  <testcase name="feature" time="15.489" classname="com.revature.cucumberop.TestRunner"/>
  <testcase name="feature" time="8.747" classname="com.revature.cucumberop.TestRunner"/>
  <testcase name="feature" time="14.282" classname="com.revature.cucumberop.TestRunner"/>
  <testcase name="feature" time="26.901" classname="com.revature.cucumberop.TestRunner"/>
  <testcase name="feature" time="12.486" classname="com.revature.cucumberop.TestRunner"/>
  <testcase name="feature" time="10.152" classname="com.revature.cucumberop.TestRunner"/>
  <testcase name="feature" time="12.466" classname="com.revature.cucumberop.TestRunner"/>
  <testcase name="feature" time="10.730" classname="com.revature.cucumberop.TestRunner"/>
  <testcase name="feature" time="12.462" classname="com.revature.cucumberop.TestRunner"/>
</testsuite> <!-- com.revature.cucumberop.TestRunner -->
