<?xml version="1.0" encoding="UTF-8"?>
<!-- Generated by org.testng.reporters.JUnitReportReporter -->
<testsuite skipped="0" hostname="DESKTOP-DDSCK2F" name="cukes.TestRunner" tests="5" failures="0" timestamp="19 Aug 2018 02:02:27 GMT" time="0.062" errors="0">
  <testcase name="feature" time="0.029" classname="cukes.TestRunner"/>
  <testcase name="feature" time="0.017" classname="cukes.TestRunner"/>
  <testcase name="feature" time="0.005" classname="cukes.TestRunner"/>
  <testcase name="feature" time="0.007" classname="cukes.TestRunner"/>
  <testcase name="feature" time="0.004" classname="cukes.TestRunner"/>
</testsuite> <!-- cukes.TestRunner -->
